<?xml version="1.0" encoding="UTF-8"?>
<!-- Generated by org.testng.reporters.JUnitReportReporter -->
<testsuite hostname="DESKTOP-BNA31C7" failures="0" tests="1" name="tests.LoginPageTest" time="10.578" errors="0" timestamp="2024-09-24T19:01:17 IST" skipped="0">
  <testcase classname="tests.LoginPageTest" name="testLoginPage" time="10.578"/>
</testsuite> <!-- tests.LoginPageTest -->
